[24-Mar-2023 02:22:23 UTC] PHP Fatal error:  Uncaught Error: Unsupported operand types in /var/www/html/pt2/giangnq/Core/App.php:70
Stack trace:
#0 /var/www/html/pt2/giangnq/index.php(12): MVC\Core\App->Controller()
#1 {main}
  thrown in /var/www/html/pt2/giangnq/Core/App.php on line 70
[24-Mar-2023 02:22:50 UTC] PHP Fatal error:  Uncaught Error: Unsupported operand types in /var/www/html/pt2/giangnq/Core/App.php:70
Stack trace:
#0 /var/www/html/pt2/giangnq/index.php(12): MVC\Core\App->Controller()
#1 {main}
  thrown in /var/www/html/pt2/giangnq/Core/App.php on line 70
[24-Mar-2023 02:27:35 UTC] PHP Fatal error:  Uncaught Error: Unsupported operand types in /var/www/html/pt2/giangnq/Core/App.php:70
Stack trace:
#0 /var/www/html/pt2/giangnq/index.php(12): MVC\Core\App->Controller()
#1 {main}
  thrown in /var/www/html/pt2/giangnq/Core/App.php on line 70
[24-Mar-2023 02:28:46 UTC] PHP Fatal error:  Uncaught Error: Unsupported operand types in /var/www/html/pt2/giangnq/Core/App.php:70
Stack trace:
#0 /var/www/html/pt2/giangnq/index.php(12): MVC\Core\App->Controller()
#1 {main}
  thrown in /var/www/html/pt2/giangnq/Core/App.php on line 70
[24-Mar-2023 02:29:13 UTC] PHP Fatal error:  Uncaught Error: Unsupported operand types in /var/www/html/pt2/giangnq/Core/App.php:70
Stack trace:
#0 /var/www/html/pt2/giangnq/index.php(12): MVC\Core\App->Controller()
#1 {main}
  thrown in /var/www/html/pt2/giangnq/Core/App.php on line 70
[24-Mar-2023 02:29:30 UTC] PHP Fatal error:  Uncaught Error: Unsupported operand types in /var/www/html/pt2/giangnq/Core/App.php:70
Stack trace:
#0 /var/www/html/pt2/giangnq/index.php(12): MVC\Core\App->Controller()
#1 {main}
  thrown in /var/www/html/pt2/giangnq/Core/App.php on line 70
[24-Mar-2023 02:29:31 UTC] PHP Fatal error:  Uncaught Error: Unsupported operand types in /var/www/html/pt2/giangnq/Core/App.php:70
Stack trace:
#0 /var/www/html/pt2/giangnq/index.php(12): MVC\Core\App->Controller()
#1 {main}
  thrown in /var/www/html/pt2/giangnq/Core/App.php on line 70
[24-Mar-2023 02:29:45 UTC] PHP Fatal error:  Uncaught Error: Unsupported operand types in /var/www/html/pt2/giangnq/Core/App.php:67
Stack trace:
#0 /var/www/html/pt2/giangnq/index.php(12): MVC\Core\App->Controller()
#1 {main}
  thrown in /var/www/html/pt2/giangnq/Core/App.php on line 67
[24-Mar-2023 02:30:01 UTC] PHP Fatal error:  Uncaught Error: Unsupported operand types in /var/www/html/pt2/giangnq/Core/App.php:67
Stack trace:
#0 /var/www/html/pt2/giangnq/index.php(12): MVC\Core\App->Controller()
#1 {main}
  thrown in /var/www/html/pt2/giangnq/Core/App.php on line 67
[24-Mar-2023 02:31:50 UTC] PHP Warning:  count(): Parameter must be an array or an object that implements Countable in /var/www/html/pt2/giangnq/Core/App.php on line 69
[24-Mar-2023 02:31:50 UTC] PHP Fatal error:  Uncaught Error: Unsupported operand types in /var/www/html/pt2/giangnq/Core/App.php:70
Stack trace:
#0 /var/www/html/pt2/giangnq/index.php(12): MVC\Core\App->Controller()
#1 {main}
  thrown in /var/www/html/pt2/giangnq/Core/App.php on line 70
[24-Mar-2023 02:32:01 UTC] PHP Warning:  require_once(Frontend/giangnq.php): failed to open stream: No such file or directory in /var/www/html/pt2/giangnq/index.php on line 12
[24-Mar-2023 02:32:01 UTC] PHP Fatal error:  require_once(): Failed opening required 'Frontend/giangnq.php' (include_path='.:/usr/share/pear:/usr/share/php') in /var/www/html/pt2/giangnq/index.php on line 12
[24-Mar-2023 02:35:26 UTC] PHP Warning:  require_once(Frontend/giangnq.php): failed to open stream: No such file or directory in /var/www/html/pt2/giangnq/index.php on line 13
[24-Mar-2023 02:35:26 UTC] PHP Fatal error:  require_once(): Failed opening required 'Frontend/giangnq.php' (include_path='.:/usr/share/pear:/usr/share/php') in /var/www/html/pt2/giangnq/index.php on line 13
[24-Mar-2023 02:36:55 UTC] PHP Fatal error:  Uncaught Error: Call to undefined function MVC\Core\ldie() in /var/www/html/pt2/giangnq/Core/App.php:8
Stack trace:
#0 /var/www/html/pt2/giangnq/index.php(11): MVC\Core\App->__construct()
#1 {main}
  thrown in /var/www/html/pt2/giangnq/Core/App.php on line 8
[24-Mar-2023 02:39:00 UTC] PHP Warning:  require_once(Frontend/giangnq.php): failed to open stream: No such file or directory in /var/www/html/pt2/giangnq/index.php on line 13
[24-Mar-2023 02:39:00 UTC] PHP Fatal error:  require_once(): Failed opening required 'Frontend/giangnq.php' (include_path='.:/usr/share/pear:/usr/share/php') in /var/www/html/pt2/giangnq/index.php on line 13
[24-Mar-2023 02:52:42 UTC] PHP Warning:  require_once(Frontend/giangnq.php): failed to open stream: No such file or directory in /var/www/html/pt2/giangnq/index.php on line 13
[24-Mar-2023 02:52:42 UTC] PHP Fatal error:  require_once(): Failed opening required 'Frontend/giangnq.php' (include_path='.:/usr/share/pear:/usr/share/php') in /var/www/html/pt2/giangnq/index.php on line 13
[24-Mar-2023 02:53:43 UTC] PHP Parse error:  syntax error, unexpected 'unset' (T_UNSET) in /var/www/html/pt2/giangnq/Core/App.php on line 9
[24-Mar-2023 02:54:01 UTC] PHP Parse error:  syntax error, unexpected 'unset' (T_UNSET) in /var/www/html/pt2/giangnq/Core/App.php on line 10
[24-Mar-2023 02:54:15 UTC] PHP Warning:  require_once(Frontend/giangnq.php): failed to open stream: No such file or directory in /var/www/html/pt2/giangnq/index.php on line 13
[24-Mar-2023 02:54:15 UTC] PHP Fatal error:  require_once(): Failed opening required 'Frontend/giangnq.php' (include_path='.:/usr/share/pear:/usr/share/php') in /var/www/html/pt2/giangnq/index.php on line 13
[24-Mar-2023 02:54:40 UTC] PHP Warning:  require_once(Frontend/giangnq.php): failed to open stream: No such file or directory in /var/www/html/pt2/giangnq/index.php on line 13
[24-Mar-2023 02:54:40 UTC] PHP Fatal error:  require_once(): Failed opening required 'Frontend/giangnq.php' (include_path='.:/usr/share/pear:/usr/share/php') in /var/www/html/pt2/giangnq/index.php on line 13
[24-Mar-2023 02:54:41 UTC] PHP Warning:  require_once(Frontend/giangnq.php): failed to open stream: No such file or directory in /var/www/html/pt2/giangnq/index.php on line 13
[24-Mar-2023 02:54:41 UTC] PHP Fatal error:  require_once(): Failed opening required 'Frontend/giangnq.php' (include_path='.:/usr/share/pear:/usr/share/php') in /var/www/html/pt2/giangnq/index.php on line 13
[24-Mar-2023 02:55:09 UTC] PHP Warning:  require_once(Frontend/giangnq.php): failed to open stream: No such file or directory in /var/www/html/pt2/giangnq/index.php on line 13
[24-Mar-2023 02:55:09 UTC] PHP Fatal error:  require_once(): Failed opening required 'Frontend/giangnq.php' (include_path='.:/usr/share/pear:/usr/share/php') in /var/www/html/pt2/giangnq/index.php on line 13
[24-Mar-2023 02:55:10 UTC] PHP Warning:  require_once(Frontend/giangnq.php): failed to open stream: No such file or directory in /var/www/html/pt2/giangnq/index.php on line 13
[24-Mar-2023 02:55:10 UTC] PHP Fatal error:  require_once(): Failed opening required 'Frontend/giangnq.php' (include_path='.:/usr/share/pear:/usr/share/php') in /var/www/html/pt2/giangnq/index.php on line 13
[24-Mar-2023 02:55:10 UTC] PHP Warning:  require_once(Frontend/giangnq.php): failed to open stream: No such file or directory in /var/www/html/pt2/giangnq/index.php on line 13
[24-Mar-2023 02:55:10 UTC] PHP Fatal error:  require_once(): Failed opening required 'Frontend/giangnq.php' (include_path='.:/usr/share/pear:/usr/share/php') in /var/www/html/pt2/giangnq/index.php on line 13
[24-Mar-2023 02:55:10 UTC] PHP Warning:  require_once(Frontend/giangnq.php): failed to open stream: No such file or directory in /var/www/html/pt2/giangnq/index.php on line 13
[24-Mar-2023 02:55:10 UTC] PHP Fatal error:  require_once(): Failed opening required 'Frontend/giangnq.php' (include_path='.:/usr/share/pear:/usr/share/php') in /var/www/html/pt2/giangnq/index.php on line 13
[24-Mar-2023 02:56:56 UTC] PHP Warning:  require_once(Frontend/giangnq.php): failed to open stream: No such file or directory in /var/www/html/pt2/giangnq/index.php on line 13
[24-Mar-2023 02:56:56 UTC] PHP Fatal error:  require_once(): Failed opening required 'Frontend/giangnq.php' (include_path='.:/usr/share/pear:/usr/share/php') in /var/www/html/pt2/giangnq/index.php on line 13
[24-Mar-2023 03:01:24 UTC] PHP Warning:  require_once(Frontend/giangnq.php): failed to open stream: No such file or directory in /var/www/html/pt2/giangnq/index.php on line 13
[24-Mar-2023 03:01:24 UTC] PHP Fatal error:  require_once(): Failed opening required 'Frontend/giangnq.php' (include_path='.:/usr/share/pear:/usr/share/php') in /var/www/html/pt2/giangnq/index.php on line 13
[24-Mar-2023 03:02:01 UTC] PHP Warning:  require_once(Frontend.php): failed to open stream: No such file or directory in /var/www/html/pt2/giangnq/index.php on line 13
[24-Mar-2023 03:02:01 UTC] PHP Fatal error:  require_once(): Failed opening required 'Frontend.php' (include_path='.:/usr/share/pear:/usr/share/php') in /var/www/html/pt2/giangnq/index.php on line 13
[24-Mar-2023 03:02:54 UTC] PHP Fatal error:  Class 'MVC\Core\App' not found in /var/www/html/pt2/giangnq/Controller/Frontend/Index.php on line 6
[24-Mar-2023 03:28:24 UTC] PHP Warning:  require_once(view/Frontend/Index.php): failed to open stream: No such file or directory in /var/www/html/pt2/giangnq/index.php on line 15
[24-Mar-2023 03:28:24 UTC] PHP Fatal error:  require_once(): Failed opening required 'view/Frontend/Index.php' (include_path='.:/usr/share/pear:/usr/share/php') in /var/www/html/pt2/giangnq/index.php on line 15
[24-Mar-2023 03:31:19 UTC] PHP Warning:  require_once(view/Frontend/Index.php): failed to open stream: No such file or directory in /var/www/html/pt2/giangnq/index.php on line 15
[24-Mar-2023 03:31:19 UTC] PHP Fatal error:  require_once(): Failed opening required 'view/Frontend/Index.php' (include_path='.:/usr/share/pear:/usr/share/php') in /var/www/html/pt2/giangnq/index.php on line 15
[24-Mar-2023 03:31:20 UTC] PHP Warning:  require_once(view/Frontend/Index.php): failed to open stream: No such file or directory in /var/www/html/pt2/giangnq/index.php on line 15
[24-Mar-2023 03:31:20 UTC] PHP Fatal error:  require_once(): Failed opening required 'view/Frontend/Index.php' (include_path='.:/usr/share/pear:/usr/share/php') in /var/www/html/pt2/giangnq/index.php on line 15
[24-Mar-2023 03:32:06 UTC] PHP Warning:  require_once(./view/Frontend/Index.php): failed to open stream: No such file or directory in /var/www/html/pt2/giangnq/index.php on line 15
[24-Mar-2023 03:32:06 UTC] PHP Fatal error:  require_once(): Failed opening required './view/Frontend/Index.php' (include_path='.:/usr/share/pear:/usr/share/php') in /var/www/html/pt2/giangnq/index.php on line 15
[24-Mar-2023 03:32:45 UTC] PHP Warning:  require_once(view/Frontend/Index.php): failed to open stream: No such file or directory in /var/www/html/pt2/giangnq/index.php on line 15
[24-Mar-2023 03:32:45 UTC] PHP Fatal error:  require_once(): Failed opening required 'view/Frontend/Index.php' (include_path='.:/usr/share/pear:/usr/share/php') in /var/www/html/pt2/giangnq/index.php on line 15
[24-Mar-2023 03:33:17 UTC] PHP Warning:  require_once(view/Frontend/Index.php): failed to open stream: No such file or directory in /var/www/html/pt2/giangnq/index.php on line 17
[24-Mar-2023 03:33:17 UTC] PHP Fatal error:  require_once(): Failed opening required 'view/Frontend/Index.php' (include_path='.:/usr/share/pear:/usr/share/php') in /var/www/html/pt2/giangnq/index.php on line 17
[24-Mar-2023 03:33:55 UTC] PHP Warning:  require_once(view/Frontend/Index.php): failed to open stream: No such file or directory in /var/www/html/pt2/giangnq/index.php on line 15
[24-Mar-2023 03:33:55 UTC] PHP Fatal error:  require_once(): Failed opening required 'view/Frontend/Index.php' (include_path='.:/usr/share/pear:/usr/share/php') in /var/www/html/pt2/giangnq/index.php on line 15
[24-Mar-2023 03:34:03 UTC] PHP Fatal error:  Uncaught Error: Class 'Controller\Frontend\Controller\Frontend\Index' not found in /var/www/html/pt2/giangnq/Controller/Frontend/Index.php:13
Stack trace:
#0 /var/www/html/pt2/giangnq/index.php(13): require_once()
#1 {main}
  thrown in /var/www/html/pt2/giangnq/Controller/Frontend/Index.php on line 13
[24-Mar-2023 03:35:09 UTC] PHP Warning:  require_once(view/Frontend/Index.php): failed to open stream: No such file or directory in /var/www/html/pt2/giangnq/index.php on line 15
[24-Mar-2023 03:35:09 UTC] PHP Fatal error:  require_once(): Failed opening required 'view/Frontend/Index.php' (include_path='.:/usr/share/pear:/usr/share/php') in /var/www/html/pt2/giangnq/index.php on line 15
[24-Mar-2023 03:37:53 UTC] PHP Warning:  require_once(view/Frontend/Index.php): failed to open stream: No such file or directory in /var/www/html/pt2/giangnq/index.php on line 16
[24-Mar-2023 03:37:53 UTC] PHP Fatal error:  require_once(): Failed opening required 'view/Frontend/Index.php' (include_path='.:/usr/share/pear:/usr/share/php') in /var/www/html/pt2/giangnq/index.php on line 16
[24-Mar-2023 03:38:27 UTC] PHP Warning:  require_once(view/Frontendpage/Index.php): failed to open stream: No such file or directory in /var/www/html/pt2/giangnq/index.php on line 16
[24-Mar-2023 03:38:27 UTC] PHP Fatal error:  require_once(): Failed opening required 'view/Frontendpage/Index.php' (include_path='.:/usr/share/pear:/usr/share/php') in /var/www/html/pt2/giangnq/index.php on line 16
[24-Mar-2023 03:38:35 UTC] PHP Warning:  require_once(./templates/header.php): failed to open stream: No such file or directory in /var/www/html/pt2/giangnq/view/Frontend/page/Index.php on line 9
[24-Mar-2023 03:38:35 UTC] PHP Fatal error:  require_once(): Failed opening required './templates/header.php' (include_path='.:/usr/share/pear:/usr/share/php') in /var/www/html/pt2/giangnq/view/Frontend/page/Index.php on line 9
[24-Mar-2023 03:39:34 UTC] PHP Warning:  require_once(./templates/header.php): failed to open stream: No such file or directory in /var/www/html/pt2/giangnq/view/Frontend/page/Index.php on line 9
[24-Mar-2023 03:39:34 UTC] PHP Fatal error:  require_once(): Failed opening required './templates/header.php' (include_path='.:/usr/share/pear:/usr/share/php') in /var/www/html/pt2/giangnq/view/Frontend/page/Index.php on line 9
[24-Mar-2023 03:39:55 UTC] PHP Warning:  require_once(./templates/header.php): failed to open stream: No such file or directory in /var/www/html/pt2/giangnq/view/Frontend/page/Index.php on line 9
[24-Mar-2023 03:39:55 UTC] PHP Fatal error:  require_once(): Failed opening required './templates/header.php' (include_path='.:/usr/share/pear:/usr/share/php') in /var/www/html/pt2/giangnq/view/Frontend/page/Index.php on line 9
[24-Mar-2023 03:39:56 UTC] PHP Warning:  require_once(./templates/header.php): failed to open stream: No such file or directory in /var/www/html/pt2/giangnq/view/Frontend/page/Index.php on line 9
[24-Mar-2023 03:39:56 UTC] PHP Fatal error:  require_once(): Failed opening required './templates/header.php' (include_path='.:/usr/share/pear:/usr/share/php') in /var/www/html/pt2/giangnq/view/Frontend/page/Index.php on line 9
[24-Mar-2023 03:41:42 UTC] PHP Warning:  require_once(./templates/header.php): failed to open stream: No such file or directory in /var/www/html/pt2/giangnq/view/Frontend/page/Index.php on line 9
[24-Mar-2023 03:41:42 UTC] PHP Fatal error:  require_once(): Failed opening required './templates/header.php' (include_path='.:/usr/share/pear:/usr/share/php') in /var/www/html/pt2/giangnq/view/Frontend/page/Index.php on line 9
[24-Mar-2023 03:41:42 UTC] PHP Warning:  require_once(./templates/header.php): failed to open stream: No such file or directory in /var/www/html/pt2/giangnq/view/Frontend/page/Index.php on line 9
[24-Mar-2023 03:41:42 UTC] PHP Fatal error:  require_once(): Failed opening required './templates/header.php' (include_path='.:/usr/share/pear:/usr/share/php') in /var/www/html/pt2/giangnq/view/Frontend/page/Index.php on line 9
[24-Mar-2023 03:53:15 UTC] PHP Warning:  require_once(viewView.php): failed to open stream: No such file or directory in /var/www/html/pt2/giangnq/index.php on line 15
[24-Mar-2023 03:53:15 UTC] PHP Fatal error:  require_once(): Failed opening required 'viewView.php' (include_path='.:/usr/share/pear:/usr/share/php') in /var/www/html/pt2/giangnq/index.php on line 15
[24-Mar-2023 04:04:30 UTC] PHP Warning:  file_get_contents(path/to/css/file.css): failed to open stream: No such file or directory in /var/www/html/pt2/giangnq/index.php on line 19
[24-Mar-2023 04:04:30 UTC] PHP Warning:  file_get_contents(path/to/html/file.html): failed to open stream: No such file or directory in /var/www/html/pt2/giangnq/index.php on line 20
[24-Mar-2023 04:04:30 UTC] PHP Fatal error:  Uncaught Error: Class 'TijsVerkoyen\CssToInlineStyles\CssToInlineStyles' not found in /var/www/html/pt2/giangnq/index.php:22
Stack trace:
#0 {main}
  thrown in /var/www/html/pt2/giangnq/index.php on line 22
[24-Mar-2023 04:07:20 UTC] PHP Warning:  file_get_contents(giangnq/assets/css/file.css): failed to open stream: No such file or directory in /var/www/html/pt2/giangnq/index.php on line 19
[24-Mar-2023 04:07:20 UTC] PHP Warning:  file_get_contents(path/to/html/file.html): failed to open stream: No such file or directory in /var/www/html/pt2/giangnq/index.php on line 20
[24-Mar-2023 04:07:20 UTC] PHP Fatal error:  Uncaught Error: Class 'TijsVerkoyen\CssToInlineStyles\CssToInlineStyles' not found in /var/www/html/pt2/giangnq/index.php:22
Stack trace:
#0 {main}
  thrown in /var/www/html/pt2/giangnq/index.php on line 22
[24-Mar-2023 04:07:49 UTC] PHP Warning:  file_get_contents(/assets/css/file.css): failed to open stream: No such file or directory in /var/www/html/pt2/giangnq/index.php on line 19
[24-Mar-2023 04:07:49 UTC] PHP Warning:  file_get_contents(path/to/html/file.html): failed to open stream: No such file or directory in /var/www/html/pt2/giangnq/index.php on line 20
[24-Mar-2023 04:07:49 UTC] PHP Fatal error:  Uncaught Error: Class 'TijsVerkoyen\CssToInlineStyles\CssToInlineStyles' not found in /var/www/html/pt2/giangnq/index.php:22
Stack trace:
#0 {main}
  thrown in /var/www/html/pt2/giangnq/index.php on line 22
[24-Mar-2023 04:07:56 UTC] PHP Warning:  file_get_contents(path/to/html/file.html): failed to open stream: No such file or directory in /var/www/html/pt2/giangnq/index.php on line 20
[24-Mar-2023 04:07:56 UTC] PHP Fatal error:  Uncaught Error: Class 'TijsVerkoyen\CssToInlineStyles\CssToInlineStyles' not found in /var/www/html/pt2/giangnq/index.php:22
Stack trace:
#0 {main}
  thrown in /var/www/html/pt2/giangnq/index.php on line 22
[24-Mar-2023 04:08:50 UTC] PHP Fatal error:  Uncaught Error: Class 'TijsVerkoyen\CssToInlineStyles\CssToInlineStyles' not found in /var/www/html/pt2/giangnq/index.php:22
Stack trace:
#0 {main}
  thrown in /var/www/html/pt2/giangnq/index.php on line 22
[24-Mar-2023 04:16:07 UTC] PHP Warning:  DOMDocument::loadHTML(): Empty string supplied as input in /var/www/html/pt2/giangnq/vendor/tijsverkoyen/css-to-inline-styles/src/CssToInlineStyles.php on line 116
[24-Mar-2023 04:16:07 UTC] PHP Fatal error:  Uncaught Error: Class 'TijsVerkoyen\CssToInlineStyles\Css\Processor' not found in /var/www/html/pt2/giangnq/vendor/tijsverkoyen/css-to-inline-styles/src/CssToInlineStyles.php:37
Stack trace:
#0 /var/www/html/pt2/giangnq/index.php(25): TijsVerkoyen\CssToInlineStyles\CssToInlineStyles->convert('', '')
#1 {main}
  thrown in /var/www/html/pt2/giangnq/vendor/tijsverkoyen/css-to-inline-styles/src/CssToInlineStyles.php on line 37
[24-Mar-2023 04:17:39 UTC] PHP Warning:  DOMDocument::loadHTML(): Empty string supplied as input in /var/www/html/pt2/giangnq/vendor/tijsverkoyen/css-to-inline-styles/src/CssToInlineStyles.php on line 116
[24-Mar-2023 04:17:39 UTC] PHP Fatal error:  Uncaught Error: Class 'TijsVerkoyen\CssToInlineStyles\Css\Processor' not found in /var/www/html/pt2/giangnq/vendor/tijsverkoyen/css-to-inline-styles/src/CssToInlineStyles.php:37
Stack trace:
#0 /var/www/html/pt2/giangnq/index.php(25): TijsVerkoyen\CssToInlineStyles\CssToInlineStyles->convert('', '')
#1 {main}
  thrown in /var/www/html/pt2/giangnq/vendor/tijsverkoyen/css-to-inline-styles/src/CssToInlineStyles.php on line 37
[24-Mar-2023 04:38:11 UTC] PHP Fatal error:  Uncaught Error: Unsupported operand types in /var/www/html/pt2/giangnq/Core/App.php:74
Stack trace:
#0 /var/www/html/pt2/giangnq/index.php(13): Core\App->Controller()
#1 {main}
  thrown in /var/www/html/pt2/giangnq/Core/App.php on line 74
